#
# There is insufficient memory for the Java Runtime Environment to continue.
# Native memory allocation (mmap) failed to map 266338304 bytes for G1 virtual space
# Possible reasons:
#   The system is out of physical RAM or swap space
#   The process is running with CompressedOops enabled, and the Java Heap may be blocking the growth of the native heap
# Possible solutions:
#   Reduce memory load on the system
#   Increase physical memory or swap space
#   Check if swap backing store is full
#   Decrease Java heap size (-Xmx/-Xms)
#   Decrease number of Java threads
#   Decrease Java thread stack sizes (-Xss)
#   Set larger code cache with -XX:ReservedCodeCacheSize=
#   JVM is running with Zero Based Compressed Oops mode in which the Java heap is
#     placed in the first 32GB address space. The Java Heap base address is the
#     maximum limit for the native heap growth. Please use -XX:HeapBaseMinAddress
#     to set the Java Heap base and to place the Java Heap above 32GB virtual address.
# This output file may be truncated or incomplete.
#
#  Out of Memory Error (os_windows.cpp:3528), pid=4644, tid=33428
#
# JRE version:  (20.0.1+9) (build )
# Java VM: Java HotSpot(TM) 64-Bit Server VM (20.0.1+9-29, mixed mode, sharing, tiered, compressed oops, compressed class ptrs, g1 gc, windows-amd64)
# No core dump will be written. Minidumps are not enabled by default on client versions of Windows
#

---------------  S U M M A R Y ------------

Command Line: -Dfile.encoding=UTF-8 --module-path=C:\Users\Leo__\Desktop\TechVetProyect\TechVetProyect\build\classes VentanaProveedoresRegistrar

Host: Intel(R) Core(TM) i7-10870H CPU @ 2.20GHz, 16 cores, 15G,  Windows 10 , 64 bit Build 19041 (10.0.19041.2913)
Time: Mon Jun  5 22:31:57 2023 Hora estándar de las Montañas elapsed time: 0.013314 seconds (0d 0h 0m 0s)

---------------  T H R E A D  ---------------

Current thread (0x000001c83dce7b60):  JavaThread "Unknown thread" [_thread_in_vm, id=33428, stack(0x0000000652700000,0x0000000652800000)]

Stack: [0x0000000652700000,0x0000000652800000]
Native frames: (J=compiled Java code, j=interpreted, Vv=VM code, C=native code)
V  [jvm.dll+0x6bb95a]
V  [jvm.dll+0x8485fa]
V  [jvm.dll+0x84a1f5]
V  [jvm.dll+0x84a8f3]
V  [jvm.dll+0x280b0f]
V  [jvm.dll+0x6b86e9]
V  [jvm.dll+0x6ad2da]
V  [jvm.dll+0x35adf5]
V  [jvm.dll+0x363016]
V  [jvm.dll+0x3b3b3e]
V  [jvm.dll+0x3b3dc5]
V  [jvm.dll+0x32b50a]
V  [jvm.dll+0x32c32b]
V  [jvm.dll+0x8112bf]
V  [jvm.dll+0x3c0d91]
V  [jvm.dll+0x7fcfe3]
V  [jvm.dll+0x44c76f]
V  [jvm.dll+0x44e0e1]
C  [jli.dll+0x5287]
C  [ucrtbase.dll+0x21bb2]
C  [KERNEL32.DLL+0x17614]
C  [ntdll.dll+0x526a1]


---------------  P R O C E S S  ---------------

Threads class SMR info:
_java_thread_list=0x00007ffa8c65a098, length=0, elements={
}

Java Threads: ( => current thread )

Other Threads:
  0x000001c83dd597a0 WorkerThread "GC Thread#0" [stack: 0x0000000652800000,0x0000000652900000] [id=24472]
  0x000001c83ddaa010 ConcurrentGCThread "G1 Main Marker" [stack: 0x0000000652900000,0x0000000652a00000] [id=2992]
  0x000001c83ddab0f0 WorkerThread "G1 Conc#0" [stack: 0x0000000652a00000,0x0000000652b00000] [id=11408]

[error occurred during error reporting (printing all threads), id 0xc0000005, EXCEPTION_ACCESS_VIOLATION (0xc0000005) at pc=0x00007ffa8be3eb47]
VM state: not at safepoint (not fully initialized)

VM Mutex/Monitor currently owned by a thread:  ([mutex/lock_event])
[0x000001c83dce3b90] Heap_lock - owner thread: 0x000001c83dce7b60

Heap address: 0x0000000703800000, size: 4040 MB, Compressed Oops mode: Zero based, Oop shift amount: 3

CDS archive(s) mapped at: [0x0000000000000000-0x0000000000000000-0x0000000000000000), size 0, SharedBaseAddress: 0x0000000800000000, ArchiveRelocationMode: 0.
Narrow klass base: 0x0000000000000000, Narrow klass shift: 0, Narrow klass range: 0x0

GC Precious Log:
 CardTable entry size: 512
 Card Set container configuration: InlinePtr #cards 4 size 8 Array Of Cards #cards 16 size 48 Howl #buckets 8 coarsen threshold 3686 Howl Bitmap #cards 512 size 80 coarsen threshold 460 Card regions per heap region 1 cards per card region 4096

Heap:
 garbage-first heap   total 0K, used 0K [0x0000000703800000, 0x0000000800000000)
  region size 2048K, 0 young (0K), 0 survivors (0K)

[error occurred during error reporting (printing heap information), id 0xc0000005, EXCEPTION_ACCESS_VIOLATION (0xc0000005) at pc=0x00007ffa8c213c59]
GC Heap History (0 events):
No events

Dll operation events (1 events):
Event: 0.008 Loaded shared library C:\Program Files\Java\jdk-20\bin\java.dll

Deoptimization events (0 events):
No events

Classes loaded (0 events):
No events

Classes unloaded (0 events):
No events

Classes redefined (0 events):
No events

Internal exceptions (0 events):
No events

VM Operations (0 events):
No events

Events (0 events):
No events


Dynamic libraries:
0x00007ff68f6d0000 - 0x00007ff68f6e0000 	C:\Program Files\Java\jdk-20\bin\java.exe
0x00007ffb05910000 - 0x00007ffb05b08000 	C:\Windows\SYSTEM32\ntdll.dll
0x00007ffb03ac0000 - 0x00007ffb03b7f000 	C:\Windows\System32\KERNEL32.DLL
0x00007ffb030e0000 - 0x00007ffb033d6000 	C:\Windows\System32\KERNELBASE.dll
0x00007ffb03840000 - 0x00007ffb03940000 	C:\Windows\System32\ucrtbase.dll
0x00007ffae9e20000 - 0x00007ffae9e3b000 	C:\Program Files\Java\jdk-20\bin\VCRUNTIME140.dll
0x00007ffaeae00000 - 0x00007ffaeae19000 	C:\Program Files\Java\jdk-20\bin\jli.dll
0x00007ffb05820000 - 0x00007ffb058cf000 	C:\Windows\System32\ADVAPI32.dll
0x00007ffb040f0000 - 0x00007ffb0418e000 	C:\Windows\System32\msvcrt.dll
0x00007ffb04460000 - 0x00007ffb044fc000 	C:\Windows\System32\sechost.dll
0x00007ffb03970000 - 0x00007ffb03a96000 	C:\Windows\System32\RPCRT4.dll
0x00007ffb05680000 - 0x00007ffb0581d000 	C:\Windows\System32\USER32.dll
0x00007ffad3d10000 - 0x00007ffad3faa000 	C:\Windows\WinSxS\amd64_microsoft.windows.common-controls_6595b64144ccf1df_6.0.19041.1110_none_60b5254171f9507e\COMCTL32.dll
0x00007ffb02ff0000 - 0x00007ffb03012000 	C:\Windows\System32\win32u.dll
0x00007ffb04d70000 - 0x00007ffb04d9c000 	C:\Windows\System32\GDI32.dll
0x00007ffb03480000 - 0x00007ffb03595000 	C:\Windows\System32\gdi32full.dll
0x00007ffb033e0000 - 0x00007ffb0347d000 	C:\Windows\System32\msvcp_win.dll
0x00007ffafc580000 - 0x00007ffafc58a000 	C:\Windows\SYSTEM32\VERSION.dll
0x00007ffb03b80000 - 0x00007ffb03bb0000 	C:\Windows\System32\IMM32.DLL
0x00007ffafa410000 - 0x00007ffafa41c000 	C:\Program Files\Java\jdk-20\bin\vcruntime140_1.dll
0x00007ffabcab0000 - 0x00007ffabcb3e000 	C:\Program Files\Java\jdk-20\bin\msvcp140.dll
0x00007ffa8bb00000 - 0x00007ffa8c797000 	C:\Program Files\Java\jdk-20\bin\server\jvm.dll
0x00007ffae0070000 - 0x00007ffae0079000 	C:\Windows\SYSTEM32\WSOCK32.dll
0x00007ffb04080000 - 0x00007ffb040eb000 	C:\Windows\System32\WS2_32.dll
0x00007ffafad20000 - 0x00007ffafad47000 	C:\Windows\SYSTEM32\WINMM.dll
0x00007ffb01800000 - 0x00007ffb01812000 	C:\Windows\SYSTEM32\kernel.appcore.dll
0x00007ffafa130000 - 0x00007ffafa13a000 	C:\Program Files\Java\jdk-20\bin\jimage.dll
0x00007ffb01500000 - 0x00007ffb016e4000 	C:\Windows\SYSTEM32\DBGHELP.DLL
0x00007ffaf7910000 - 0x00007ffaf7944000 	C:\Windows\SYSTEM32\dbgcore.DLL
0x00007ffb037b0000 - 0x00007ffb03832000 	C:\Windows\System32\bcryptPrimitives.dll
0x00007ffae8450000 - 0x00007ffae8476000 	C:\Program Files\Java\jdk-20\bin\java.dll

dbghelp: loaded successfully - version: 4.0.5 - missing functions: none
symbol engine: initialized successfully - sym options: 0x614 - pdb path: .;C:\Program Files\Java\jdk-20\bin;C:\Windows\SYSTEM32;C:\Windows\WinSxS\amd64_microsoft.windows.common-controls_6595b64144ccf1df_6.0.19041.1110_none_60b5254171f9507e;C:\Program Files\Java\jdk-20\bin\server

VM Arguments:
jvm_args: -Dfile.encoding=UTF-8 --module-path=C:\Users\Leo__\Desktop\TechVetProyect\TechVetProyect\build\classes 
java_command: VentanaProveedoresRegistrar
java_class_path (initial): C:\Users\Leo__\Desktop\TechVetProyect\TechVetProyect\lib\jcalendar-1.3.3.jar;C:\Users\Leo__\Desktop\TechVetProyect\TechVetProyect\build\classes
Launcher Type: SUN_STANDARD

[Global flags]
     intx CICompilerCount                          = 12                                        {product} {ergonomic}
     uint ConcGCThreads                            = 3                                         {product} {ergonomic}
     uint G1ConcRefinementThreads                  = 13                                        {product} {ergonomic}
   size_t G1HeapRegionSize                         = 2097152                                   {product} {ergonomic}
    uintx GCDrainStackTargetSize                   = 64                                        {product} {ergonomic}
   size_t InitialHeapSize                          = 266338304                                 {product} {ergonomic}
   size_t MarkStackSize                            = 4194304                                   {product} {ergonomic}
   size_t MaxHeapSize                              = 4236247040                                {product} {ergonomic}
   size_t MinHeapDeltaBytes                        = 2097152                                   {product} {ergonomic}
   size_t MinHeapSize                              = 8388608                                   {product} {ergonomic}
    uintx NonNMethodCodeHeapSize                   = 7602480                                {pd product} {ergonomic}
    uintx NonProfiledCodeHeapSize                  = 122027880                              {pd product} {ergonomic}
    uintx ProfiledCodeHeapSize                     = 122027880                              {pd product} {ergonomic}
    uintx ReservedCodeCacheSize                    = 251658240                              {pd product} {ergonomic}
     bool SegmentedCodeCache                       = true                                      {product} {ergonomic}
   size_t SoftMaxHeapSize                          = 4236247040                             {manageable} {ergonomic}
     bool UseCompressedClassPointers               = true                           {product lp64_product} {ergonomic}
     bool UseCompressedOops                        = true                           {product lp64_product} {ergonomic}
     bool UseG1GC                                  = true                                      {product} {ergonomic}
     bool UseLargePagesIndividualAllocation        = false                                  {pd product} {ergonomic}

Logging:
Log output configuration:
 #0: stdout all=warning uptime,level,tags foldmultilines=false
 #1: stderr all=off uptime,level,tags foldmultilines=false

Environment Variables:
JAVA_HOME=C:\Program Files\Java\jdk-11.0.16.1
PATH=C:\Program Files\Common Files\Oracle\Java\javapath;C:\Program Files (x86)\Common Files\Oracle\Java\javapath;C:\Program Files\Java\jdk-18.0.2;C:\Gradle\gradle-6.9.3\bin;C:\Python310\Scripts\;C:\Python310\;C:\Windows\system32;C:\Windows;C:\Windows\System32\Wbem;C:\Windows\System32\WindowsPowerShell\v1.0\;C:\Windows\System32\OpenSSH\;C:\Program Files\nodejs\;C:\ProgramData\chocolatey\bin;C:\Program Files\dotnet\;C:\Program Files\NVIDIA Corporation\NVIDIA NvDLISR;C:\Program Files (x86)\NVIDIA Corporation\PhysX\Common;C:\Program Files\Git\cmd;C:\Program Files (x86)\Microsoft SQL Server\150\Tools\Binn\;C:\Program Files\Microsoft SQL Server\150\Tools\Binn\;C:\Program Files (x86)\Microsoft SQL Server\150\DTS\Binn\;C:\Program Files\Microsoft SQL Server\150\DTS\Binn\;C:\Program Files\Microsoft SQL Server\Client SDK\ODBC\170\Tools\Binn\;C:\Program Files\Azure Data Studio\bin;C:\maven\bin;C:\Program Files\Java\jdk-11.0.16.1;C:\Program Files\MySQL\MySQL Shell 8.0\bin\;C:\Users\Leo__\AppData\Local\Microsoft\WindowsApps;C:\;C:\Users\Leo__\AppData\Local\Programs\Microsoft VS Code\bin;C:\Users\Leo__\AppData\Local\GitHubDesktop\bin;C:\Users\Leo__\AppData\Roaming\npm;C:\Users\Leo__\.dotnet\tools
USERNAME=Leo__
OS=Windows_NT
PROCESSOR_IDENTIFIER=Intel64 Family 6 Model 165 Stepping 2, GenuineIntel
TMP=C:\Users\Leo__\AppData\Local\Temp
TEMP=C:\Users\Leo__\AppData\Local\Temp




---------------  S Y S T E M  ---------------

OS:
 Windows 10 , 64 bit Build 19041 (10.0.19041.2913)
OS uptime: 5 days 11:38 hours
Hyper-V role detected

CPU: total 16 (initial active 16) (8 cores per cpu, 2 threads per core) family 6 model 165 stepping 2 microcode 0xf4, cx8, cmov, fxsr, ht, mmx, 3dnowpref, sse, sse2, sse3, ssse3, sse4.1, sse4.2, popcnt, lzcnt, tsc, tscinvbit, avx, avx2, aes, erms, clmul, bmi1, bmi2, adx, fma, vzeroupper, clflush, clflushopt, hv, rdtscp, f16c

Memory: 4k page, system-wide physical 16158M (2889M free)
TotalPageFile size 65310M (AvailPageFile size 5M)
current process WorkingSet (physical memory assigned to process): 10M, peak: 10M
current process commit charge ("private bytes"): 71M, peak: 324M

vm_info: Java HotSpot(TM) 64-Bit Server VM (20.0.1+9-29) for windows-amd64 JRE (20.0.1+9-29), built on 2023-03-07T13:56:11Z by "mach5one" with MS VC++ 17.1 (VS2022)

END.
